app/build/intermediates/manifest_merge_blame_file/debug/manifest-merger-blame-debug-report.txt
1<?xml version="1.0" encoding="utf-8"?>
2<manifest xmlns:android="http://schemas.android.com/apk/res/android"
3    package="com.littlesandbox.clicksandbox"
4    android:versionCode="1"
5    android:versionName="1.9.0" >
6
7    <uses-sdk
8        android:minSdkVersion="16"
8-->src\main\AndroidManifest.xml
9        android:targetSdkVersion="28" />
9-->src\main\AndroidManifest.xml
10
11    <uses-permission android:name="android.permission.INTERNET" />
11-->src\main\AndroidManifest.xml:4:5-67
11-->src\main\AndroidManifest.xml:4:22-64
12    <uses-permission android:name="android.permission.ACCESS_NETWORK_STATE" />
12-->src\main\AndroidManifest.xml:5:1-75
12-->src\main\AndroidManifest.xml:5:18-72
13    <uses-permission android:name="android.permission.READ_PHONE_STATE" />
13-->src\main\AndroidManifest.xml:6:1-71
13-->src\main\AndroidManifest.xml:6:18-68
14    <uses-permission android:name="android.permission.WRITE_EXTERNAL_STORAGE" />
14-->src\main\AndroidManifest.xml:7:1-77
14-->src\main\AndroidManifest.xml:7:18-74
15    <uses-permission android:name="android.permission.ACCESS_WIFI_STATE" />
15-->src\main\AndroidManifest.xml:8:1-72
15-->src\main\AndroidManifest.xml:8:18-69
16    <uses-permission android:name="android.permission.ACCESS_FINE_LOCATION" />
16-->src\main\AndroidManifest.xml:9:1-75
16-->src\main\AndroidManifest.xml:9:18-72
17    <uses-permission android:name="android.permission.ACCESS_COARSE_LOCATION" />
17-->src\main\AndroidManifest.xml:10:1-77
17-->src\main\AndroidManifest.xml:10:18-74
18    <uses-permission android:name="android.permission.CHANGE_WIFI_STATE" />
18-->src\main\AndroidManifest.xml:11:1-72
18-->src\main\AndroidManifest.xml:11:18-69
19    <uses-permission android:name="android.permission.REQUEST_INSTALL_PACKAGES" />
19-->src\main\AndroidManifest.xml:12:1-79
19-->src\main\AndroidManifest.xml:12:18-76
20    <uses-permission android:name="android.permission.READ_EXTERNAL_STORAGE" />
20-->src\main\AndroidManifest.xml:13:1-76
20-->src\main\AndroidManifest.xml:13:18-73
21    <uses-permission android:name="android.permission.GET_TASKS" />
21-->src\main\AndroidManifest.xml:14:1-64
21-->src\main\AndroidManifest.xml:14:18-61
22    <uses-permission android:name="android.permission.WAKE_LOCK" />
22-->src\main\AndroidManifest.xml:15:1-64
22-->src\main\AndroidManifest.xml:15:18-61
23    <uses-permission android:name="android.permission.WRITE_SETTINGSWAKE_LOCK" />
23-->src\main\AndroidManifest.xml:16:1-78
23-->src\main\AndroidManifest.xml:16:18-75
24    <uses-permission android:name="com.asus.msa.SupplementaryDID.ACCESS" />
24-->[:open_ad_sdk.3.3.0.0:] AndroidManifest.xml:18:5-76
24-->[:open_ad_sdk.3.3.0.0:] AndroidManifest.xml:18:22-73
25    <uses-permission android:name="android.permission.CHANGE_NETWORK_STATE" />
25-->[com.didi.virtualapk:core:0.9.9.1-dev] AndroidManifest.xml:13:5-79
25-->[com.didi.virtualapk:core:0.9.9.1-dev] AndroidManifest.xml:13:22-76
26
27    <application
27-->src\main\AndroidManifest.xml:19:5-186:19
28        android:name="androidx.multidex.MultiDexApplication"
28-->src\main\AndroidManifest.xml:20:9-61
29        android:allowBackup="true"
29-->src\main\AndroidManifest.xml:21:9-35
30        android:appComponentFactory="androidx.core.app.CoreComponentFactory"
30-->[androidx.core:core:1.0.0] AndroidManifest.xml:22:18-86
31        android:debuggable="true"
32        android:hardwareAccelerated="true"
32-->src\main\AndroidManifest.xml:27:9-43
33        android:icon="@drawable/sand"
33-->src\main\AndroidManifest.xml:22:9-38
34        android:label="@string/app_name"
34-->src\main\AndroidManifest.xml:24:9-41
35        android:networkSecurityConfig="@xml/network_security_config"
35-->src\main\AndroidManifest.xml:23:9-69
36        android:supportsRtl="true"
36-->src\main\AndroidManifest.xml:25:9-35
37        android:theme="@style/AppTheme"
37-->src\main\AndroidManifest.xml:26:9-40
38        android:usesCleartextTraffic="true" >
38-->[:GDTSDK.unionNoPlugin.4.270.1140:] AndroidManifest.xml:16:18-53
39
40        <!-- <meta-data android:name="TGSDK_APPID" android:value="${TGSDK_APPID_VALUE}" /> -->
41        <!-- <meta-data android:name="TGSDK_CHANNELID" android:value="${TGSDK_CHANNELID_VALUE}" /> -->
42
43        <activity
43-->src\main\AndroidManifest.xml:31:9-39:20
44            android:name="com.littesandbox.clicksandbox.Splash"
44-->src\main\AndroidManifest.xml:32:13-64
45            android:screenOrientation="portrait" >
45-->src\main\AndroidManifest.xml:33:13-49
46            <intent-filter>
46-->src\main\AndroidManifest.xml:34:13-38:29
47                <action android:name="android.intent.action.MAIN" />
47-->src\main\AndroidManifest.xml:35:17-69
47-->src\main\AndroidManifest.xml:35:25-66
48
49                <category android:name="android.intent.category.LAUNCHER" />
49-->src\main\AndroidManifest.xml:37:17-77
49-->src\main\AndroidManifest.xml:37:27-74
50            </intent-filter>
51        </activity>
52        <activity android:name="com.littesandbox.clicksandbox.Error" />
52-->src\main\AndroidManifest.xml:41:6-78
52-->src\main\AndroidManifest.xml:41:16-66
53        <activity android:name="com.littesandbox.clicksandbox.MainActivity" />
53-->src\main\AndroidManifest.xml:44:9-88
53-->src\main\AndroidManifest.xml:44:19-76
54        <activity android:name="com.littesandbox.clicksandbox.MoreGame" />
54-->src\main\AndroidManifest.xml:46:9-84
54-->src\main\AndroidManifest.xml:46:19-72
55        <activity android:name="com.littesandbox.clicksandbox.wechat" />
55-->src\main\AndroidManifest.xml:48:9-82
55-->src\main\AndroidManifest.xml:48:19-70
56
57        <!-- Guangdiantong -->
58        <provider
59            android:name="androidx.core.content.FileProvider"
59-->src\main\AndroidManifest.xml:52:13-62
60            android:authorities="com.littlesandbox.clicksandbox.fileprovider"
60-->src\main\AndroidManifest.xml:53:13-64
61            android:exported="false"
61-->src\main\AndroidManifest.xml:54:13-37
62            android:grantUriPermissions="true" >
62-->src\main\AndroidManifest.xml:55:13-47
63            <meta-data
63-->src\main\AndroidManifest.xml:56:13-58:57
64                android:name="android.support.FILE_PROVIDER_PATHS"
64-->src\main\AndroidManifest.xml:57:17-67
65                android:resource="@xml/gdt_file_path" />
65-->src\main\AndroidManifest.xml:58:17-54
66        </provider>
67
68        <!-- Baidu -->
69        <provider
70            android:name="com.baidu.mobads.openad.FileProvider"
70-->src\main\AndroidManifest.xml:64:13-64
71            android:authorities="com.littlesandbox.clicksandbox.bd.provider"
71-->src\main\AndroidManifest.xml:65:13-63
72            android:exported="false"
72-->src\main\AndroidManifest.xml:66:13-37
73            android:grantUriPermissions="true" >
73-->src\main\AndroidManifest.xml:67:13-47
74            <meta-data
74-->src\main\AndroidManifest.xml:56:13-58:57
75                android:name="android.support.FILE_PROVIDER_PATHS"
75-->src\main\AndroidManifest.xml:57:17-67
76                android:resource="@xml/bd_file_paths" />
76-->src\main\AndroidManifest.xml:58:17-54
77        </provider>
78
79        <!-- SigMob For Android Support -->
80        <provider
81            android:name="com.sigmob.sdk.SigmobFileProvider"
81-->src\main\AndroidManifest.xml:75:13-61
82            android:authorities="com.littlesandbox.clicksandbox.sigprovider"
82-->src\main\AndroidManifest.xml:76:13-63
83            android:exported="false"
83-->src\main\AndroidManifest.xml:77:13-37
84            android:grantUriPermissions="true" >
84-->src\main\AndroidManifest.xml:78:13-47
85            <meta-data
85-->src\main\AndroidManifest.xml:56:13-58:57
86                android:name="android.support.FILE_PROVIDER_PATHS"
86-->src\main\AndroidManifest.xml:57:17-67
87                android:resource="@xml/sigmob_provider_paths" />
87-->src\main\AndroidManifest.xml:58:17-54
88        </provider>
89
90        <!-- SigMob For AndroidX -->
91        <provider
92            android:name="com.sigmob.sdk.SigmobXFileProvider"
92-->src\main\AndroidManifest.xml:86:13-62
93            android:authorities="com.littlesandbox.clicksandbox.sigprovider"
93-->src\main\AndroidManifest.xml:87:13-63
94            android:exported="false"
94-->src\main\AndroidManifest.xml:88:13-37
95            android:grantUriPermissions="true" >
95-->src\main\AndroidManifest.xml:89:13-47
96            <meta-data
96-->src\main\AndroidManifest.xml:56:13-58:57
97                android:name="android.support.FILE_PROVIDER_PATHS"
97-->src\main\AndroidManifest.xml:57:17-67
98                android:resource="@xml/sigmob_provider_paths" />
98-->src\main\AndroidManifest.xml:58:17-54
99        </provider>
100
101        <!-- Mobvista -->
102        <provider
103            android:name="com.mintegral.msdk.base.utils.MTGFileProvider"
103-->src\main\AndroidManifest.xml:97:13-73
104            android:authorities="com.littlesandbox.clicksandbox.mtgFileProvider"
104-->src\main\AndroidManifest.xml:98:13-67
105            android:exported="false"
105-->src\main\AndroidManifest.xml:99:13-37
106            android:grantUriPermissions="true" >
106-->src\main\AndroidManifest.xml:100:13-47
107            <meta-data
107-->src\main\AndroidManifest.xml:56:13-58:57
108                android:name="android.support.FILE_PROVIDER_PATHS"
108-->src\main\AndroidManifest.xml:57:17-67
109                android:resource="@xml/mtg_provider_paths" />
109-->src\main\AndroidManifest.xml:58:17-54
110        </provider>
111
112        <!-- HyTech For AndroidX -->
113        <provider
114            android:name="com.hytt.hyadxopensdk.fileprovider.HyAdXOpenFileProvider"
114-->src\main\AndroidManifest.xml:108:13-84
115            android:authorities="com.littlesandbox.clicksandbox.HyAdXOpenFileProvider"
115-->src\main\AndroidManifest.xml:109:13-73
116            android:exported="false"
116-->src\main\AndroidManifest.xml:110:13-37
117            android:grantUriPermissions="true" >
117-->src\main\AndroidManifest.xml:111:13-47
118            <meta-data
118-->src\main\AndroidManifest.xml:56:13-58:57
119                android:name="android.support.FILE_PROVIDER_PATHS"
119-->src\main\AndroidManifest.xml:57:17-67
120                android:resource="@xml/hytech_provider_paths" />
120-->src\main\AndroidManifest.xml:58:17-54
121        </provider>
122        <!-- HyTech For Android Support -->
123        <provider
124            android:name="com.hytt.hyadxopensdk.fileprovider.v4.HyAdXOpenV4FileProvider"
124-->src\main\AndroidManifest.xml:118:13-89
125            android:authorities="com.littlesandbox.clicksandbox.HyAdXOpenFileProvider"
125-->src\main\AndroidManifest.xml:119:13-73
126            android:exported="false"
126-->src\main\AndroidManifest.xml:120:13-37
127            android:grantUriPermissions="true" >
127-->src\main\AndroidManifest.xml:121:13-47
128            <meta-data
128-->src\main\AndroidManifest.xml:56:13-58:57
129                android:name="android.support.FILE_PROVIDER_PATHS"
129-->src\main\AndroidManifest.xml:57:17-67
130                android:resource="@xml/hytech_provider_paths" />
130-->src\main\AndroidManifest.xml:58:17-54
131        </provider>
132
133        <!-- OneWay -->
134        <provider
135            android:name="mobi.oneway.export.OWProvider"
135-->src\main\AndroidManifest.xml:130:13-57
136            android:authorities="com.littlesandbox.clicksandbox.OWProvider"
136-->src\main\AndroidManifest.xml:131:13-62
137            android:exported="false"
137-->src\main\AndroidManifest.xml:132:13-37
138            android:grantUriPermissions="true" >
138-->src\main\AndroidManifest.xml:133:13-47
139            <meta-data
139-->src\main\AndroidManifest.xml:56:13-58:57
140                android:name="android.support.FILE_PROVIDER_PATHS"
140-->src\main\AndroidManifest.xml:57:17-67
141                android:resource="@xml/ow_file_paths" />
141-->src\main\AndroidManifest.xml:58:17-54
142        </provider>
143
144        <!-- Yoads -->
145        <provider
146            android:name="com.yomob.yomobads.ad.YomobFileProvider"
146-->src\main\AndroidManifest.xml:141:13-67
147            android:authorities="com.littlesandbox.clicksandbox.yomob.fileprovider"
147-->src\main\AndroidManifest.xml:142:13-70
148            android:exported="false"
148-->src\main\AndroidManifest.xml:143:13-37
149            android:grantUriPermissions="true" >
149-->src\main\AndroidManifest.xml:144:13-47
150            <meta-data
150-->src\main\AndroidManifest.xml:56:13-58:57
151                android:name="android.support.FILE_PROVIDER_PATHS"
151-->src\main\AndroidManifest.xml:57:17-67
152                android:resource="@xml/yomob_paths" />
152-->src\main\AndroidManifest.xml:58:17-54
153        </provider>
154
155        <!-- Wangmai -->
156        <provider
157            android:name="com.wangmai.appsdkdex.WangMaiFileProvider"
157-->src\main\AndroidManifest.xml:152:13-69
158            android:authorities="com.littlesandbox.clicksandbox.fileprovider"
158-->src\main\AndroidManifest.xml:153:13-64
159            android:exported="false"
159-->src\main\AndroidManifest.xml:154:13-37
160            android:grantUriPermissions="true" >
160-->src\main\AndroidManifest.xml:155:13-47
161            <meta-data
161-->src\main\AndroidManifest.xml:56:13-58:57
162                android:name="android.support.FILE_PROVIDER_PATHS"
162-->src\main\AndroidManifest.xml:57:17-67
163                android:resource="@xml/yomob_wm_file_paths" />
163-->src\main\AndroidManifest.xml:58:17-54
164        </provider>
165        <!-- ByteDance -->
166        <provider
167            android:name="com.bytedance.sdk.openadsdk.TTFileProvider"
167-->src\main\AndroidManifest.xml:162:13-70
168            android:authorities="com.littlesandbox.clicksandbox.TTFileProvider"
168-->src\main\AndroidManifest.xml:163:13-66
169            android:exported="false"
169-->src\main\AndroidManifest.xml:164:13-37
170            android:grantUriPermissions="true" >
170-->src\main\AndroidManifest.xml:165:13-47
171            <meta-data
171-->src\main\AndroidManifest.xml:56:13-58:57
172                android:name="android.support.FILE_PROVIDER_PATHS"
172-->src\main\AndroidManifest.xml:57:17-67
173                android:resource="@xml/tt_file_paths" />
173-->src\main\AndroidManifest.xml:58:17-54
174        </provider>
175        <provider
176            android:name="com.bytedance.sdk.openadsdk.multipro.TTMultiProvider"
176-->src\main\AndroidManifest.xml:171:13-80
177            android:authorities="com.littlesandbox.clicksandbox.TTMultiProvider"
177-->src\main\AndroidManifest.xml:172:13-67
178            android:exported="false" />
178-->src\main\AndroidManifest.xml:173:13-37
179
180        <!-- UniPlay -->
181        <provider
182            android:name="com.uniplay.adsdk.UniPlayFileProvider"
182-->src\main\AndroidManifest.xml:177:13-65
183            android:authorities="com.littlesandbox.clicksandbox.uniplay.fileprovider"
183-->src\main\AndroidManifest.xml:178:13-72
184            android:exported="false"
184-->src\main\AndroidManifest.xml:179:13-37
185            android:grantUriPermissions="true" >
185-->src\main\AndroidManifest.xml:180:13-47
186            <meta-data
186-->src\main\AndroidManifest.xml:56:13-58:57
187                android:name="android.support.FILE_PROVIDER_PATHS"
187-->src\main\AndroidManifest.xml:57:17-67
188                android:resource="@xml/uniplay_file_path" />
188-->src\main\AndroidManifest.xml:58:17-54
189        </provider>
190        <provider
190-->[mobi.oneway.common:core:1.0.8] AndroidManifest.xml:13:9-21:20
191            android:name="mobi.oneway.common.provider.OwCommonFileProvider"
191-->[mobi.oneway.common:core:1.0.8] AndroidManifest.xml:14:13-76
192            android:authorities="com.littlesandbox.clicksandbox.fileprovider"
192-->[mobi.oneway.common:core:1.0.8] AndroidManifest.xml:15:13-64
193            android:exported="false"
193-->[mobi.oneway.common:core:1.0.8] AndroidManifest.xml:16:13-37
194            android:grantUriPermissions="true" >
194-->[mobi.oneway.common:core:1.0.8] AndroidManifest.xml:17:13-47
195            <meta-data
195-->src\main\AndroidManifest.xml:56:13-58:57
196                android:name="android.support.FILE_PROVIDER_PATHS"
196-->src\main\AndroidManifest.xml:57:17-67
197                android:resource="@xml/ow_same_file_path" />
197-->src\main\AndroidManifest.xml:58:17-54
198        </provider>
199        <provider
199-->[mobi.oneway.common:core:1.0.8] AndroidManifest.xml:22:9-30:20
200            android:name="mobi.oneway.common.provider.OwBFileProvider"
200-->[mobi.oneway.common:core:1.0.8] AndroidManifest.xml:23:13-71
201            android:authorities="com.littlesandbox.clicksandbox.bd.provider"
201-->[mobi.oneway.common:core:1.0.8] AndroidManifest.xml:24:13-63
202            android:exported="false"
202-->[mobi.oneway.common:core:1.0.8] AndroidManifest.xml:25:13-37
203            android:grantUriPermissions="true" >
203-->[mobi.oneway.common:core:1.0.8] AndroidManifest.xml:26:13-47
204            <meta-data
204-->src\main\AndroidManifest.xml:56:13-58:57
205                android:name="android.support.FILE_PROVIDER_PATHS"
205-->src\main\AndroidManifest.xml:57:17-67
206                android:resource="@xml/ow_b_file_paths" />
206-->src\main\AndroidManifest.xml:58:17-54
207        </provider>
208
209        <service android:name="mobi.oneway.common.service.OwFrontService" />
209-->[mobi.oneway.common:core:1.0.8] AndroidManifest.xml:32:9-77
209-->[mobi.oneway.common:core:1.0.8] AndroidManifest.xml:32:18-74
210        <service android:name="mobi.oneway.common.service.OwCancleService" />
210-->[mobi.oneway.common:core:1.0.8] AndroidManifest.xml:33:9-78
210-->[mobi.oneway.common:core:1.0.8] AndroidManifest.xml:33:18-75
211
212        <uses-library
212-->[:TGSDK.1.9.0:] AndroidManifest.xml:10:9-12:40
213            android:name="org.apache.http.legacy"
213-->[:TGSDK.1.9.0:] AndroidManifest.xml:11:13-50
214            android:required="false" />
214-->[:TGSDK.1.9.0:] AndroidManifest.xml:12:13-37
215
216        <activity
216-->[:TGSDK.1.9.0:] AndroidManifest.xml:14:9-18:74
217            android:name="com.yomob.tgsdklib.TGVideoActivity"
217-->[:TGSDK.1.9.0:] AndroidManifest.xml:15:13-62
218            android:configChanges="keyboardHidden|orientation|screenSize"
218-->[:TGSDK.1.9.0:] AndroidManifest.xml:16:13-74
219            android:launchMode="singleTask"
219-->[:TGSDK.1.9.0:] AndroidManifest.xml:17:13-44
220            android:theme="@android:style/Theme.NoTitleBar.Fullscreen" />
220-->[:TGSDK.1.9.0:] AndroidManifest.xml:18:13-71
221        <activity
221-->[:TGSDK.1.9.0:] AndroidManifest.xml:19:9-23:74
222            android:name="com.yomob.tgsdklib.TGWebActivity"
222-->[:TGSDK.1.9.0:] AndroidManifest.xml:20:13-60
223            android:configChanges="keyboardHidden|orientation|screenSize"
223-->[:TGSDK.1.9.0:] AndroidManifest.xml:21:13-74
224            android:launchMode="singleTask"
224-->[:TGSDK.1.9.0:] AndroidManifest.xml:22:13-44
225            android:theme="@android:style/Theme.NoTitleBar.Fullscreen" /> <!-- 声明SDK所需要的组件 -->
225-->[:TGSDK.1.9.0:] AndroidManifest.xml:23:13-71
226        <service
226-->[:GDTSDK.unionNoPlugin.4.270.1140:] AndroidManifest.xml:19:9-22:43
227            android:name="com.qq.e.comm.DownloadService"
227-->[:GDTSDK.unionNoPlugin.4.270.1140:] AndroidManifest.xml:20:13-57
228            android:exported="false"
228-->[:GDTSDK.unionNoPlugin.4.270.1140:] AndroidManifest.xml:21:13-37
229            android:multiprocess="true" /> <!-- 请开发者注意字母的大小写，ADActivity，而不是AdActivity -->
229-->[:GDTSDK.unionNoPlugin.4.270.1140:] AndroidManifest.xml:22:13-40
230        <activity
230-->[:GDTSDK.unionNoPlugin.4.270.1140:] AndroidManifest.xml:24:9-27:43
231            android:name="com.qq.e.ads.ADActivity"
231-->[:GDTSDK.unionNoPlugin.4.270.1140:] AndroidManifest.xml:25:13-51
232            android:configChanges="keyboard|keyboardHidden|orientation|screenSize"
232-->[:GDTSDK.unionNoPlugin.4.270.1140:] AndroidManifest.xml:26:13-83
233            android:multiprocess="true" />
233-->[:GDTSDK.unionNoPlugin.4.270.1140:] AndroidManifest.xml:27:13-40
234        <activity
234-->[:GDTSDK.unionNoPlugin.4.270.1140:] AndroidManifest.xml:28:9-32:52
235            android:name="com.qq.e.ads.PortraitADActivity"
235-->[:GDTSDK.unionNoPlugin.4.270.1140:] AndroidManifest.xml:29:13-59
236            android:configChanges="keyboard|keyboardHidden|orientation|screenSize"
236-->[:GDTSDK.unionNoPlugin.4.270.1140:] AndroidManifest.xml:30:13-83
237            android:multiprocess="true"
237-->[:GDTSDK.unionNoPlugin.4.270.1140:] AndroidManifest.xml:31:13-40
238            android:screenOrientation="portrait" />
238-->[:GDTSDK.unionNoPlugin.4.270.1140:] AndroidManifest.xml:32:13-49
239        <activity
239-->[:GDTSDK.unionNoPlugin.4.270.1140:] AndroidManifest.xml:33:9-37:59
240            android:name="com.qq.e.ads.LandscapeADActivity"
240-->[:GDTSDK.unionNoPlugin.4.270.1140:] AndroidManifest.xml:34:13-60
241            android:configChanges="keyboard|keyboardHidden|orientation|screenSize"
241-->[:GDTSDK.unionNoPlugin.4.270.1140:] AndroidManifest.xml:35:13-83
242            android:multiprocess="true"
242-->[:GDTSDK.unionNoPlugin.4.270.1140:] AndroidManifest.xml:36:13-40
243            android:screenOrientation="sensorLandscape" /> <!-- 用于激励视频可选广告的竖屏透明背景activity -->
243-->[:GDTSDK.unionNoPlugin.4.270.1140:] AndroidManifest.xml:37:13-56
244        <activity
244-->[:GDTSDK.unionNoPlugin.4.270.1140:] AndroidManifest.xml:39:9-47:20
245            android:name="com.qq.e.ads.RewardvideoPortraitADActivity"
245-->[:GDTSDK.unionNoPlugin.4.270.1140:] AndroidManifest.xml:40:13-70
246            android:configChanges="keyboard|keyboardHidden|orientation|screenSize"
246-->[:GDTSDK.unionNoPlugin.4.270.1140:] AndroidManifest.xml:41:13-83
247            android:multiprocess="true"
247-->[:GDTSDK.unionNoPlugin.4.270.1140:] AndroidManifest.xml:42:13-40
248            android:theme="@android:style/Theme.Translucent" >
248-->[:GDTSDK.unionNoPlugin.4.270.1140:] AndroidManifest.xml:43:13-61
249            <meta-data
249-->[:GDTSDK.unionNoPlugin.4.270.1140:] AndroidManifest.xml:44:13-46:40
250                android:name="android.notch_support"
250-->[:GDTSDK.unionNoPlugin.4.270.1140:] AndroidManifest.xml:45:17-53
251                android:value="true" />
251-->[:GDTSDK.unionNoPlugin.4.270.1140:] AndroidManifest.xml:46:17-37
252        </activity> <!-- 用于激励视频可选广告的横屏透明背景activity -->
253        <activity
253-->[:GDTSDK.unionNoPlugin.4.270.1140:] AndroidManifest.xml:49:9-57:20
254            android:name="com.qq.e.ads.RewardvideoLandscapeADActivity"
254-->[:GDTSDK.unionNoPlugin.4.270.1140:] AndroidManifest.xml:50:13-71
255            android:configChanges="keyboard|keyboardHidden|orientation|screenSize"
255-->[:GDTSDK.unionNoPlugin.4.270.1140:] AndroidManifest.xml:51:13-83
256            android:multiprocess="true"
256-->[:GDTSDK.unionNoPlugin.4.270.1140:] AndroidManifest.xml:52:13-40
257            android:theme="@android:style/Theme.Translucent" >
257-->[:GDTSDK.unionNoPlugin.4.270.1140:] AndroidManifest.xml:53:13-61
258            <meta-data
258-->[:GDTSDK.unionNoPlugin.4.270.1140:] AndroidManifest.xml:44:13-46:40
259                android:name="android.notch_support"
259-->[:GDTSDK.unionNoPlugin.4.270.1140:] AndroidManifest.xml:45:17-53
260                android:value="true" />
260-->[:GDTSDK.unionNoPlugin.4.270.1140:] AndroidManifest.xml:46:17-37
261        </activity> <!-- baidu -->
262        <activity
262-->[:TGSDKADBaidu.1.9.0:] AndroidManifest.xml:12:9-15:75
263            android:name="com.baidu.mobads.AppActivity"
263-->[:TGSDKADBaidu.1.9.0:] AndroidManifest.xml:13:13-56
264            android:configChanges="keyboard|keyboardHidden|orientation"
264-->[:TGSDKADBaidu.1.9.0:] AndroidManifest.xml:14:13-72
265            android:theme="@android:style/Theme.Translucent.NoTitleBar" /> <!-- SigMob -->
265-->[:TGSDKADBaidu.1.9.0:] AndroidManifest.xml:15:13-72
266        <activity
266-->[:TGSDKADSigmob.1.9.0:] AndroidManifest.xml:12:9-14:77
267            android:name="com.sigmob.sdk.base.common.AdActivity"
267-->[:TGSDKADSigmob.1.9.0:] AndroidManifest.xml:13:13-65
268            android:configChanges="keyboardHidden|orientation|screenSize" /> <!-- Mobvista -->
268-->[:TGSDKADSigmob.1.9.0:] AndroidManifest.xml:14:13-74
269        <activity
269-->[:TGSDKADMobvista.1.9.0:] AndroidManifest.xml:12:9-18:20
270            android:name="com.mintegral.msdk.activity.MTGCommonActivity"
270-->[:TGSDKADMobvista.1.9.0:] AndroidManifest.xml:13:13-73
271            android:configChanges="keyboard|orientation"
271-->[:TGSDKADMobvista.1.9.0:] AndroidManifest.xml:14:13-57
272            android:exported="true"
272-->[:TGSDKADMobvista.1.9.0:] AndroidManifest.xml:15:13-36
273            android:screenOrientation="portrait"
273-->[:TGSDKADMobvista.1.9.0:] AndroidManifest.xml:16:13-49
274            android:theme="@android:style/Theme.Translucent.NoTitleBar" >
274-->[:TGSDKADMobvista.1.9.0:] AndroidManifest.xml:17:13-72
275        </activity>
276        <activity
276-->[:TGSDKADMobvista.1.9.0:] AndroidManifest.xml:19:9-22:74
277            android:name="com.mintegral.msdk.reward.player.MTGRewardVideoActivity"
277-->[:TGSDKADMobvista.1.9.0:] AndroidManifest.xml:20:13-83
278            android:configChanges="orientation|keyboardHidden|screenSize"
278-->[:TGSDKADMobvista.1.9.0:] AndroidManifest.xml:21:13-74
279            android:theme="@android:style/Theme.NoTitleBar.Fullscreen" />
279-->[:TGSDKADMobvista.1.9.0:] AndroidManifest.xml:22:13-71
280        <activity
280-->[:TGSDKADMobvista.1.9.0:] AndroidManifest.xml:23:9-26:52
281            android:name="com.mintegral.msdk.interstitial.view.MTGInterstitialActivity"
281-->[:TGSDKADMobvista.1.9.0:] AndroidManifest.xml:24:13-88
282            android:configChanges="orientation|screenSize"
282-->[:TGSDKADMobvista.1.9.0:] AndroidManifest.xml:25:13-59
283            android:screenOrientation="portrait" />
283-->[:TGSDKADMobvista.1.9.0:] AndroidManifest.xml:26:13-49
284
285        <receiver android:name="com.mintegral.msdk.click.AppReceiver" >
285-->[:TGSDKADMobvista.1.9.0:] AndroidManifest.xml:28:9-34:20
285-->[:TGSDKADMobvista.1.9.0:] AndroidManifest.xml:28:19-70
286            <intent-filter>
286-->[:TGSDKADMobvista.1.9.0:] AndroidManifest.xml:29:13-33:29
287                <action android:name="android.intent.action.PACKAGE_ADDED" />
287-->[:TGSDKADMobvista.1.9.0:] AndroidManifest.xml:30:17-78
287-->[:TGSDKADMobvista.1.9.0:] AndroidManifest.xml:30:25-75
288
289                <data android:scheme="package" />
289-->[:TGSDKADMobvista.1.9.0:] AndroidManifest.xml:32:17-50
289-->[:TGSDKADMobvista.1.9.0:] AndroidManifest.xml:32:23-47
290            </intent-filter>
291        </receiver>
292
293        <service android:name="com.mintegral.msdk.shell.MTGService" >
293-->[:TGSDKADMobvista.1.9.0:] AndroidManifest.xml:36:9-40:19
293-->[:TGSDKADMobvista.1.9.0:] AndroidManifest.xml:36:18-68
294            <intent-filter>
294-->[:TGSDKADMobvista.1.9.0:] AndroidManifest.xml:37:13-39:29
295                <action android:name="com.mintegral.msdk.download.action" />
295-->[:TGSDKADMobvista.1.9.0:] AndroidManifest.xml:38:17-77
295-->[:TGSDKADMobvista.1.9.0:] AndroidManifest.xml:38:25-74
296            </intent-filter>
297        </service> <!-- HyTech -->
298        <activity
298-->[:TGSDKADHytech.1.9.0:] AndroidManifest.xml:12:9-15:75
299            android:name="com.hytt.hyadxsdk.opensdk.HyAdXOpenProxyActivity"
299-->[:TGSDKADHytech.1.9.0:] AndroidManifest.xml:13:13-76
300            android:configChanges="keyboard|keyboardHidden|orientation"
300-->[:TGSDKADHytech.1.9.0:] AndroidManifest.xml:14:13-72
301            android:theme="@android:style/Theme.Translucent.NoTitleBar" /> <!-- OneWay -->
301-->[:TGSDKADHytech.1.9.0:] AndroidManifest.xml:15:13-72
302        <activity
302-->[:TGSDKADOneway.1.9.0:] AndroidManifest.xml:12:9-17:74
303            android:name="mobi.oneway.export.AdShowActivity"
303-->[:TGSDKADOneway.1.9.0:] AndroidManifest.xml:13:13-61
304            android:configChanges="fontScale|keyboard|keyboardHidden|locale|mnc|mcc|navigation|orientation|screenLayout|screenSize|smallestScreenSize|uiMode|touchscreen"
304-->[:TGSDKADOneway.1.9.0:] AndroidManifest.xml:14:13-170
305            android:hardwareAccelerated="true"
305-->[:TGSDKADOneway.1.9.0:] AndroidManifest.xml:15:13-47
306            android:launchMode="singleTask"
306-->[:TGSDKADOneway.1.9.0:] AndroidManifest.xml:16:13-44
307            android:theme="@android:style/Theme.NoTitleBar.Fullscreen" />
307-->[:TGSDKADOneway.1.9.0:] AndroidManifest.xml:17:13-71
308        <activity
308-->[:TGSDKADYoads.1.9.0:] AndroidManifest.xml:10:9-12:77
309            android:name="com.yomob.yomobads.AdActivity"
309-->[:TGSDKADYoads.1.9.0:] AndroidManifest.xml:11:13-57
310            android:configChanges="keyboardHidden|orientation|screenSize" /> <!-- Wangmai -->
310-->[:TGSDKADYoads.1.9.0:] AndroidManifest.xml:12:13-74
311        <activity
311-->[:TGSDKADWangmai.1.9.0:] AndroidManifest.xml:12:9-14:52
312            android:name="com.wangmai.appsdkdex.WmAdActivity"
312-->[:TGSDKADWangmai.1.9.0:] AndroidManifest.xml:13:13-62
313            android:screenOrientation="portrait" />
313-->[:TGSDKADWangmai.1.9.0:] AndroidManifest.xml:14:13-49
314        <activity
314-->[:TGSDKADWangmai.1.9.0:] AndroidManifest.xml:15:9-18:52
315            android:name="com.wangmai.appsdkdex.WMRewardPortraitADActivity"
315-->[:TGSDKADWangmai.1.9.0:] AndroidManifest.xml:16:13-76
316            android:configChanges="keyboard|keyboardHidden|orientation|screenSize"
316-->[:TGSDKADWangmai.1.9.0:] AndroidManifest.xml:17:13-83
317            android:screenOrientation="portrait" />
317-->[:TGSDKADWangmai.1.9.0:] AndroidManifest.xml:18:13-49
318        <activity
318-->[:TGSDKADWangmai.1.9.0:] AndroidManifest.xml:19:9-22:53
319            android:name="com.wangmai.appsdkdex.WMRewardLandscapeADActivity"